<?xml version="1.0" encoding="UTF-8"?>
<!-- Generated by org.testng.reporters.JUnitXMLReporter -->
<testsuite hostname="prakash-pc" name="Test" tests="1" failures="0" timestamp="16 Jun 2015 16:44:51 GMT" time="0.11" errors="0">
  <testcase name="@BeforeTest setUp" time="0.0" classname="com.selenium.test.simpleTestng2">
    <failure type="org.testng.TestNGException" message="
Parameter &amp;apos;BrowserType&amp;apos; is required by @Configuration on method setUp but has not been marked @Optional or defined
in C:\webdriverworkspace\com.selenium.test\parallel.xml">
      <![CDATA[org.testng.TestNGException: 
Parameter 'BrowserType' is required by @Configuration on method setUp but has not been marked @Optional or defined
in C:\webdriverworkspace\com.selenium.test\parallel.xml
	at java.util.concurrent.FutureTask.run(Unknown Source)
	at java.util.concurrent.ThreadPoolExecutor.runWorker(Unknown Source)
	at java.util.concurrent.ThreadPoolExecutor$Worker.run(Unknown Source)
	at java.lang.Thread.run(Unknown Source)
... Removed 11 stack frames]]>
    </failure>
  </testcase> <!-- @BeforeTest setUp -->
  <testcase name="@AfterTest endTest" time="0.0" classname="com.selenium.test.simpleTestng2">
    <skipped/>
  </testcase> <!-- @AfterTest endTest -->
  <testcase name="typeText" time="0.016" classname="com.selenium.test.simpleTestng2">
    <skipped/>
  </testcase> <!-- typeText -->
</testsuite> <!-- Test -->
